CONFIG
+-- datamodule
|   `-- _target_: dataloader.COCODataModule                                                                                                                                                                                                             
|       batch_size: 5                                                                                                                                                                                                                                   
|                                                                                                                                                                                                                                                       
+-- model
|   `-- _target_: models.fast_detr.FastDETR                                                                                                                                                                                                             
|       num_queries: 300                                                                                                                                                                                                                                
|       num_classes: 91                                                                                                                                                                                                                                 
|       num_decoder_stack: 6                                                                                                                                                                                                                            
|       num_encoder_stack: 6                                                                                                                                                                                                                            
|       hidden_dim: 256                                                                                                                                                                                                                                 
|       multiscale: false                                                                                                                                                                                                                               
|       masks: false                                                                                                                                                                                                                                    
|       backbone:                                                                                                                                                                                                                                       
|         _target_: models.backbone.build_backbone                                                                                                                                                                                                      
|         lr_backbone: 1.0e-05                                                                                                                                                                                                                          
|         position_embedding: sine                                                                                                                                                                                                                      
|         hidden_dim: 256                                                                                                                                                                                                                               
|         multiscale: false                                                                                                                                                                                                                             
|         masks: false                                                                                                                                                                                                                                  
|         backbone: resnet50                                                                                                                                                                                                                            
|         dilation: false                                                                                                                                                                                                                               
|       transformer:                                                                                                                                                                                                                                    
|         _target_: models.transformer.build_transformer                                                                                                                                                                                                
|         multiscale: false                                                                                                                                                                                                                             
|         hidden_dim: 256                                                                                                                                                                                                                               
|         num_queries: 300                                                                                                                                                                                                                              
|         enc_layers: 6                                                                                                                                                                                                                                 
|         dec_layers: 6                                                                                                                                                                                                                                 
|         dim_feedforward: 2048                                                                                                                                                                                                                         
|         nheads: 8                                                                                                                                                                                                                                     
|         dropout: 0.1                                                                                                                                                                                                                                  
|         smca: false                                                                                                                                                                                                                                   
|         activation: relu                                                                                                                                                                                                                              
|       matcher:                                                                                                                                                                                                                                        
|         _target_: models.matcher.build_matcher                                                                                                                                                                                                        
|         set_cost_class: 1                                                                                                                                                                                                                             
|         set_cost_bbox: 1                                                                                                                                                                                                                              
|         set_cost_giou: 1                                                                                                                                                                                                                              
|                                                                                                                                                                                                                                                       
+-- callbacks
|   `-- model_checkpoint:                                                                                                                                                                                                                               
|         _target_: pytorch_lightning.callbacks.ModelCheckpoint                                                                                                                                                                                         
|         monitor: loss/val                                                                                                                                                                                                                             
|         mode: min                                                                                                                                                                                                                                     
|         save_top_k: 1                                                                                                                                                                                                                                 
|         save_last: true                                                                                                                                                                                                                               
|         verbose: false                                                                                                                                                                                                                                
|         dirpath: checkpoints/                                                                                                                                                                                                                         
|         filename: epoch_{epoch:03d}                                                                                                                                                                                                                   
|         auto_insert_metric_name: false                                                                                                                                                                                                                
|       learning_rate_monitor:                                                                                                                                                                                                                          
|         _target_: pytorch_lightning.callbacks.LearningRateMonitor                                                                                                                                                                                     
|         logging_interval: epoch                                                                                                                                                                                                                       
|                                                                                                                                                                                                                                                       
+-- logger
|   `-- tensorboard:                                                                                                                                                                                                                                    
|         _target_: pytorch_lightning.loggers.tensorboard.TensorBoardLogger                                                                                                                                                                             
|         save_dir: tensorboard/                                                                                                                                                                                                                        
|         name: null                                                                                                                                                                                                                                    
|         version: Query Random                                                                                                                                                                                                                         
|         log_graph: false                                                                                                                                                                                                                              
|         default_hp_metric: true                                                                                                                                                                                                                       
|         prefix: ''                                                                                                                                                                                                                                    
|                                                                                                                                                                                                                                                       
+-- trainer
|   `-- _target_: pytorch_lightning.Trainer                                                                                                                                                                                                             
|       gpus: -1                                                                                                                                                                                                                                        
|       min_epochs: 1                                                                                                                                                                                                                                   
|       max_epochs: 12                                                                                                                                                                                                                                  
|       resume_from_checkpoint: null                                                                                                                                                                                                                    
|       precision: 16                                                                                                                                                                                                                                   
|       gradient_clip_val: 0.1                                                                                                                                                                                                                          
|       default_root_dir: C:\Users\thars\Desktop\Transformer Template/checkpoints_/Query Random                                                                                                                                                         
|       accelerator: ddp                                                                                                                                                                                                                                
|       sync_batchnorm: true                                                                                                                                                                                                                            
|                                                                                                                                                                                                                                                       
+-- original_work_dir
|   `-- C:\Users\thars\Desktop\Transformer Template                                                                                                                                                                                                     
+-- data_dir
|   `-- C:\Users\thars\Desktop\Transformer Template/data/                                                                                                                                                                                               
+-- print_config
|   `-- True                                                                                                                                                                                                                                            
+-- ignore_warnings
|   `-- True                                                                                                                                                                                                                                            
+-- train
|   `-- True                                                                                                                                                                                                                                            
+-- test
|   `-- True                                                                                                                                                                                                                                            
+-- seed
|   `-- None                                                                                                                                                                                                                                            
+-- name
|   `-- Query Random                                                                                                                                                                                                                                    
`-- default_hp
    `-- num_queries: 300                                                                                                                                                                                                                                
        num_classes: 91                                                                                                                                                                                                                                 
        num_decoder_stack: 6                                                                                                                                                                                                                            
        num_encoder_stack: 6                                                                                                                                                                                                                            
        hidden_dim: 256                                                                                                                                                                                                                                 
        multiscale: false                                                                                                                                                                                                                               
        masks: false                                                                                                                                                                                                                                    
        dim_feedforward: 2048                                                                                                                                                                                                                           
        nheads: 8                                                                                                                                                                                                                                       
        dropout: 0.1                                                                                                                                                                                                                                    
                                                                                                                                                                                                                                                        
